  1>Checking Build System
  CMake is re-running because C:/projetos/MicroRTS_cpp/CMakeFiles/generate.stamp is out-of-date.
    the file 'C:/projetos/MicroRTS_cpp/CMakeLists.txt'
    is newer than 'C:/projetos/MicroRTS_cpp/CMakeFiles/generate.stamp.depend'
    result='-1'
  -- Building for: Visual Studio 17 2022
  CMake Deprecation Warning at CMakeLists.txt:1 (cmake_minimum_required):
    Compatibility with CMake < 3.5 will be removed from a future version of
    CMake.
  
    Update the VERSION argument <min> value or use a ...<max> suffix to tell
    CMake that the project does not need compatibility with older versions.
  
  
  -- Selecting Windows SDK version 10.0.22621.0 to target Windows 10.0.19045.
  -- The C compiler identification is MSVC 19.37.32825.0
  -- The CXX compiler identification is MSVC 19.37.32825.0
  -- Detecting C compiler ABI info
  -- Detecting C compiler ABI info - done
  -- Check for working C compiler: C:/Program Files/Microsoft Visual Studio/2022/Community/VC/Tools/MSVC/14.37.32822/bin/Hostx64/x64/cl.exe - skipped
  -- Detecting C compile features
  -- Detecting C compile features - done
  -- Detecting CXX compiler ABI info
  -- Detecting CXX compiler ABI info - done
  -- Check for working CXX compiler: C:/Program Files/Microsoft Visual Studio/2022/Community/VC/Tools/MSVC/14.37.32822/bin/Hostx64/x64/cl.exe - skipped
  -- Detecting CXX compile features
  -- Detecting CXX compile features - done
  CMake Deprecation Warning at external/pybind11/CMakeLists.txt:8 (cmake_minimum_required):
    Compatibility with CMake < 3.5 will be removed from a future version of
    CMake.
  
    Update the VERSION argument <min> value or use a ...<max> suffix to tell
    CMake that the project does not need compatibility with older versions.
  
  
  -- pybind11 v2.9.2 
  CMake Warning (dev) at external/pybind11/tools/FindPythonLibsNew.cmake:98 (find_package):
    Policy CMP0148 is not set: The FindPythonInterp and FindPythonLibs modules
    are removed.  Run "cmake --help-policy CMP0148" for policy details.  Use
    the cmake_policy command to set the policy and suppress this warning.
  
  Call Stack (most recent call first):
    external/pybind11/tools/pybind11Tools.cmake:50 (find_package)
    external/pybind11/tools/pybind11Common.cmake:206 (include)
    external/pybind11/CMakeLists.txt:200 (include)
  This warning is for project developers.  Use -Wno-dev to suppress it.
  
  -- Found PythonInterp: C:/miniconda3/python.exe (found version "3.11.5") 
  -- Found PythonLibs: C:/miniconda3/libs/python311.lib
  -- Performing Test HAS_MSVC_GL_LTCG
  -- Performing Test HAS_MSVC_GL_LTCG - Success
  -- Configuring done (14.9s)
  -- Generating done (0.9s)
  -- Build files have been written to: C:/projetos/MicroRTS_cpp
